<?xml version="1.0" encoding="UTF-8"?>
<!-- Generated by org.testng.reporters.JUnitReportReporter -->
<testsuite hostname="ASIA31064" failures="0" tests="1" name="swiggyTest.TestRunner" time="10.268" errors="0" timestamp="2022-08-19T18:51:00 IST" skipped="0">
  <testcase classname="swiggyTest.TestRunner" name="runScenario" time="10.268"/>
  <system-out/>
</testsuite> <!-- swiggyTest.TestRunner -->
